<?xml version="1.0" encoding="UTF-8"?>
<coverage generated="1681895332659" clover="3.2.0">
  <project timestamp="1681895332659" name="All files">
    <metrics statements="40" coveredstatements="40" conditionals="0" coveredconditionals="0" methods="16" coveredmethods="16" elements="56" coveredelements="56" complexity="0" loc="40" ncloc="40" packages="2" files="4" classes="4"/>
    <package name="controllers">
      <metrics statements="21" coveredstatements="21" conditionals="0" coveredconditionals="0" methods="3" coveredmethods="3"/>
      <file name="googleSearchController.js" path="/Users/unai/Desktop/bootcamp/otro_scraper/controllers/googleSearchController.js">
        <metrics statements="9" coveredstatements="9" conditionals="0" coveredconditionals="0" methods="1" coveredmethods="1"/>
        <line num="6" count="2" type="stmt"/>
        <line num="7" count="2" type="stmt"/>
        <line num="10" count="2" type="stmt"/>
        <line num="11" count="2" type="stmt"/>
        <line num="12" count="2" type="stmt"/>
        <line num="15" count="2" type="stmt"/>
        <line num="16" count="2" type="stmt"/>
        <line num="17" count="2" type="stmt"/>
        <line num="18" count="2" type="stmt"/>
      </file>
      <file name="wikipediaController.js" path="/Users/unai/Desktop/bootcamp/otro_scraper/controllers/wikipediaController.js">
        <metrics statements="12" coveredstatements="12" conditionals="0" coveredconditionals="0" methods="2" coveredmethods="2"/>
        <line num="7" count="1" type="stmt"/>
        <line num="8" count="20" type="stmt"/>
        <line num="10" count="1" type="stmt"/>
        <line num="11" count="1" type="stmt"/>
        <line num="12" count="1" type="stmt"/>
        <line num="13" count="1" type="stmt"/>
        <line num="15" count="1" type="stmt"/>
        <line num="16" count="1" type="stmt"/>
        <line num="17" count="1" type="stmt"/>
        <line num="18" count="1" type="stmt"/>
        <line num="20" count="1" type="stmt"/>
        <line num="21" count="1" type="stmt"/>
      </file>
    </package>
    <package name="utils">
      <metrics statements="19" coveredstatements="19" conditionals="0" coveredconditionals="0" methods="13" coveredmethods="13"/>
      <file name="parser.js" path="/Users/unai/Desktop/bootcamp/otro_scraper/utils/parser.js">
        <metrics statements="12" coveredstatements="12" conditionals="0" coveredconditionals="0" methods="9" coveredmethods="9"/>
        <line num="19" count="4" type="stmt"/>
        <line num="20" count="4" type="stmt"/>
        <line num="29" count="4" type="stmt"/>
        <line num="30" count="4" type="stmt"/>
        <line num="31" count="4" type="stmt"/>
        <line num="39" count="2" type="stmt"/>
        <line num="47" count="4" type="stmt"/>
        <line num="48" count="1498" type="stmt"/>
        <line num="56" count="2" type="stmt"/>
        <line num="57" count="130" type="stmt"/>
        <line num="71" count="2" type="stmt"/>
        <line num="72" count="53" type="stmt"/>
      </file>
      <file name="scraper.js" path="/Users/unai/Desktop/bootcamp/otro_scraper/utils/scraper.js">
        <metrics statements="7" coveredstatements="7" conditionals="0" coveredconditionals="0" methods="4" coveredmethods="4"/>
        <line num="5" count="4" type="stmt"/>
        <line num="6" count="4" type="stmt"/>
        <line num="9" count="4" type="stmt"/>
        <line num="10" count="4" type="stmt"/>
        <line num="13" count="4" type="stmt"/>
        <line num="14" count="4" type="stmt"/>
        <line num="17" count="4" type="stmt"/>
      </file>
    </package>
  </project>
</coverage>
