{"/Users/unai/Desktop/bootcamp/otro_scraper/controllers/googleSearchController.js": {"path":"/Users/unai/Desktop/bootcamp/otro_scraper/controllers/googleSearchController.js","statementMap":{"0":{"start":{"line":6,"column":25},"end":{"line":6,"column":50}},"1":{"start":{"line":7,"column":16},"end":{"line":7,"column":65}},"2":{"start":{"line":10,"column":20},"end":{"line":10,"column":33}},"3":{"start":{"line":11,"column":4},"end":{"line":11,"column":25}},"4":{"start":{"line":12,"column":17},"end":{"line":12,"column":50}},"5":{"start":{"line":15,"column":19},"end":{"line":15,"column":35}},"6":{"start":{"line":16,"column":18},"end":{"line":16,"column":35}},"7":{"start":{"line":17,"column":4},"end":{"line":17,"column":20}},"8":{"start":{"line":18,"column":4},"end":{"line":18,"column":17}}},"fnMap":{"0":{"name":"searchLinks","decl":{"start":{"line":5,"column":15},"end":{"line":5,"column":26}},"loc":{"start":{"line":5,"column":33},"end":{"line":19,"column":1}},"line":5}},"branchMap":{},"s":{"0":2,"1":2,"2":2,"3":2,"4":2,"5":2,"6":2,"7":2,"8":2},"f":{"0":2},"b":{},"_coverageSchema":"1a1c01bbd47fc00a2c39e90264f33305004495a9","hash":"421da7d254063fb2325e9ad65e868dbc92c49f85"}
,"/Users/unai/Desktop/bootcamp/otro_scraper/controllers/wikipediaController.js": {"path":"/Users/unai/Desktop/bootcamp/otro_scraper/controllers/wikipediaController.js","statementMap":{"0":{"start":{"line":7,"column":24},"end":{"line":7,"column":87}},"1":{"start":{"line":8,"column":16},"end":{"line":8,"column":74}},"2":{"start":{"line":8,"column":43},"end":{"line":8,"column":73}},"3":{"start":{"line":10,"column":20},"end":{"line":10,"column":33}},"4":{"start":{"line":11,"column":4},"end":{"line":11,"column":25}},"5":{"start":{"line":12,"column":17},"end":{"line":12,"column":50}},"6":{"start":{"line":13,"column":19},"end":{"line":13,"column":35}},"7":{"start":{"line":15,"column":18},"end":{"line":15,"column":35}},"8":{"start":{"line":16,"column":18},"end":{"line":16,"column":35}},"9":{"start":{"line":17,"column":19},"end":{"line":17,"column":37}},"10":{"start":{"line":18,"column":23},"end":{"line":18,"column":45}},"11":{"start":{"line":20,"column":4},"end":{"line":20,"column":20}},"12":{"start":{"line":21,"column":4},"end":{"line":26,"column":5}}},"fnMap":{"0":{"name":"getContent","decl":{"start":{"line":6,"column":15},"end":{"line":6,"column":25}},"loc":{"start":{"line":6,"column":32},"end":{"line":29,"column":1}},"line":6},"1":{"name":"(anonymous_1)","decl":{"start":{"line":8,"column":33},"end":{"line":8,"column":34}},"loc":{"start":{"line":8,"column":43},"end":{"line":8,"column":73}},"line":8}},"branchMap":{},"s":{"0":1,"1":1,"2":20,"3":1,"4":1,"5":1,"6":1,"7":1,"8":1,"9":1,"10":1,"11":1,"12":1},"f":{"0":1,"1":20},"b":{},"_coverageSchema":"1a1c01bbd47fc00a2c39e90264f33305004495a9","hash":"e58d6d2233ceaca439990204f030741fd55e36bf"}
,"/Users/unai/Desktop/bootcamp/otro_scraper/utils/parser.js": {"path":"/Users/unai/Desktop/bootcamp/otro_scraper/utils/parser.js","statementMap":{"0":{"start":{"line":19,"column":8},"end":{"line":19,"column":25}},"1":{"start":{"line":20,"column":8},"end":{"line":20,"column":28}},"2":{"start":{"line":29,"column":22},"end":{"line":29,"column":33}},"3":{"start":{"line":30,"column":20},"end":{"line":30,"column":40}},"4":{"start":{"line":31,"column":8},"end":{"line":31,"column":44}},"5":{"start":{"line":39,"column":8},"end":{"line":39,"column":64}},"6":{"start":{"line":47,"column":22},"end":{"line":47,"column":69}},"7":{"start":{"line":48,"column":8},"end":{"line":48,"column":65}},"8":{"start":{"line":48,"column":35},"end":{"line":48,"column":63}},"9":{"start":{"line":56,"column":27},"end":{"line":56,"column":74}},"10":{"start":{"line":57,"column":8},"end":{"line":57,"column":52}},"11":{"start":{"line":57,"column":37},"end":{"line":57,"column":50}},"12":{"start":{"line":71,"column":23},"end":{"line":71,"column":72}},"13":{"start":{"line":72,"column":8},"end":{"line":72,"column":44}},"14":{"start":{"line":72,"column":35},"end":{"line":72,"column":42}}},"fnMap":{"0":{"name":"(anonymous_0)","decl":{"start":{"line":14,"column":4},"end":{"line":14,"column":5}},"loc":{"start":{"line":14,"column":21},"end":{"line":21,"column":5}},"line":14},"1":{"name":"(anonymous_1)","decl":{"start":{"line":28,"column":4},"end":{"line":28,"column":5}},"loc":{"start":{"line":28,"column":19},"end":{"line":32,"column":5}},"line":28},"2":{"name":"(anonymous_2)","decl":{"start":{"line":38,"column":4},"end":{"line":38,"column":5}},"loc":{"start":{"line":38,"column":15},"end":{"line":40,"column":5}},"line":38},"3":{"name":"(anonymous_3)","decl":{"start":{"line":46,"column":4},"end":{"line":46,"column":5}},"loc":{"start":{"line":46,"column":14},"end":{"line":49,"column":5}},"line":46},"4":{"name":"(anonymous_4)","decl":{"start":{"line":48,"column":25},"end":{"line":48,"column":26}},"loc":{"start":{"line":48,"column":35},"end":{"line":48,"column":63}},"line":48},"5":{"name":"(anonymous_5)","decl":{"start":{"line":55,"column":4},"end":{"line":55,"column":5}},"loc":{"start":{"line":55,"column":19},"end":{"line":58,"column":5}},"line":55},"6":{"name":"(anonymous_6)","decl":{"start":{"line":57,"column":30},"end":{"line":57,"column":31}},"loc":{"start":{"line":57,"column":37},"end":{"line":57,"column":50}},"line":57},"7":{"name":"(anonymous_7)","decl":{"start":{"line":70,"column":4},"end":{"line":70,"column":5}},"loc":{"start":{"line":70,"column":16},"end":{"line":73,"column":5}},"line":70},"8":{"name":"(anonymous_8)","decl":{"start":{"line":72,"column":26},"end":{"line":72,"column":27}},"loc":{"start":{"line":72,"column":35},"end":{"line":72,"column":42}},"line":72}},"branchMap":{},"s":{"0":4,"1":4,"2":4,"3":4,"4":4,"5":2,"6":4,"7":4,"8":1498,"9":2,"10":2,"11":130,"12":2,"13":2,"14":53},"f":{"0":4,"1":4,"2":2,"3":4,"4":1498,"5":2,"6":130,"7":2,"8":53},"b":{},"_coverageSchema":"1a1c01bbd47fc00a2c39e90264f33305004495a9","hash":"be4538418779e112a159888ea8738447360d6d2a"}
,"/Users/unai/Desktop/bootcamp/otro_scraper/utils/scraper.js": {"path":"/Users/unai/Desktop/bootcamp/otro_scraper/utils/scraper.js","statementMap":{"0":{"start":{"line":5,"column":8},"end":{"line":5,"column":28}},"1":{"start":{"line":6,"column":8},"end":{"line":6,"column":25}},"2":{"start":{"line":9,"column":8},"end":{"line":9,"column":48}},"3":{"start":{"line":10,"column":8},"end":{"line":10,"column":49}},"4":{"start":{"line":13,"column":8},"end":{"line":13,"column":34}},"5":{"start":{"line":14,"column":8},"end":{"line":14,"column":41}},"6":{"start":{"line":17,"column":8},"end":{"line":17,"column":35}}},"fnMap":{"0":{"name":"(anonymous_0)","decl":{"start":{"line":4,"column":4},"end":{"line":4,"column":5}},"loc":{"start":{"line":4,"column":18},"end":{"line":7,"column":5}},"line":4},"1":{"name":"(anonymous_1)","decl":{"start":{"line":8,"column":4},"end":{"line":8,"column":5}},"loc":{"start":{"line":8,"column":16},"end":{"line":11,"column":5}},"line":8},"2":{"name":"(anonymous_2)","decl":{"start":{"line":12,"column":4},"end":{"line":12,"column":5}},"loc":{"start":{"line":12,"column":29},"end":{"line":15,"column":5}},"line":12},"3":{"name":"(anonymous_3)","decl":{"start":{"line":16,"column":4},"end":{"line":16,"column":5}},"loc":{"start":{"line":16,"column":17},"end":{"line":18,"column":5}},"line":16}},"branchMap":{},"s":{"0":4,"1":4,"2":4,"3":4,"4":4,"5":4,"6":4},"f":{"0":4,"1":4,"2":4,"3":4},"b":{},"_coverageSchema":"1a1c01bbd47fc00a2c39e90264f33305004495a9","hash":"4a02cb3d99d47a2e5c8204300177f502ea6654be"}
}
