TN:
SF:controllers/googleSearchController.js
FN:5,searchLinks
FNF:1
FNH:1
FNDA:2,searchLinks
DA:6,2
DA:7,2
DA:10,2
DA:11,2
DA:12,2
DA:15,2
DA:16,2
DA:17,2
DA:18,2
LF:9
LH:9
BRF:0
BRH:0
end_of_record
TN:
SF:controllers/wikipediaController.js
FN:6,getContent
FN:8,(anonymous_1)
FNF:2
FNH:2
FNDA:1,getContent
FNDA:20,(anonymous_1)
DA:7,1
DA:8,20
DA:10,1
DA:11,1
DA:12,1
DA:13,1
DA:15,1
DA:16,1
DA:17,1
DA:18,1
DA:20,1
DA:21,1
LF:12
LH:12
BRF:0
BRH:0
end_of_record
TN:
SF:utils/parser.js
FN:14,(anonymous_0)
FN:28,(anonymous_1)
FN:38,(anonymous_2)
FN:46,(anonymous_3)
FN:48,(anonymous_4)
FN:55,(anonymous_5)
FN:57,(anonymous_6)
FN:70,(anonymous_7)
FN:72,(anonymous_8)
FNF:9
FNH:9
FNDA:4,(anonymous_0)
FNDA:4,(anonymous_1)
FNDA:2,(anonymous_2)
FNDA:4,(anonymous_3)
FNDA:1498,(anonymous_4)
FNDA:2,(anonymous_5)
FNDA:130,(anonymous_6)
FNDA:2,(anonymous_7)
FNDA:53,(anonymous_8)
DA:19,4
DA:20,4
DA:29,4
DA:30,4
DA:31,4
DA:39,2
DA:47,4
DA:48,1498
DA:56,2
DA:57,130
DA:71,2
DA:72,53
LF:12
LH:12
BRF:0
BRH:0
end_of_record
TN:
SF:utils/scraper.js
FN:4,(anonymous_0)
FN:8,(anonymous_1)
FN:12,(anonymous_2)
FN:16,(anonymous_3)
FNF:4
FNH:4
FNDA:4,(anonymous_0)
FNDA:4,(anonymous_1)
FNDA:4,(anonymous_2)
FNDA:4,(anonymous_3)
DA:5,4
DA:6,4
DA:9,4
DA:10,4
DA:13,4
DA:14,4
DA:17,4
LF:7
LH:7
BRF:0
BRH:0
end_of_record
